
> @trade/blog@0.1.0 build
> next build && node ../../packages/scripts/check-translations.mjs --short ; node ../../packages/scripts/clean-rsc.js

▲ Next.js 16.2.6 (Turbopack)

  Creating an optimized production build ...
✓ Compiled successfully in 1757ms
  Running TypeScript ...
  Finished TypeScript in 2.4s ...
  Collecting page data using 6 workers ...
  Generating static pages using 6 workers (0/434) ...
  Generating static pages using 6 workers (108/434) 
  Generating static pages using 6 workers (216/434) 
  Generating static pages using 6 workers (325/434) 
✓ Generating static pages using 6 workers (434/434) in 1822ms
  Finalizing page optimization ...

Route (app)
┌ ○ /_not-found
├ ● /[locale]
│ ├ /en
│ ├ /zh
│ ├ /es
│ └ [+45 more paths]
├ ● /[locale]/blog
│ ├ /en/blog
│ ├ /zh/blog
│ ├ /es/blog
│ └ [+45 more paths]
└ ● /[locale]/blog/[slug]
  ├ /en/blog/ccc-certification-explained
  ├ /en/blog/china-import-compliance-guide
  ├ /en/blog/china-label-compliance
  └ [+333 more paths]


○  (Static)  prerendered as static content
●  (SSG)     prerendered as static HTML (uses generateStaticParams)


✅ 全量核验通过！48 种语言无质量问题。
🧹 Cleaning RSC .txt payload files from out/...
✅ Deleted 3751 RSC payload files (78.4 MB freed)
(node:779469) [MODULE_TYPELESS_PACKAGE_JSON] Warning: Module type of file:///root/projects/trade/web/packages/scripts/clean-rsc.js is not specified and it doesn't parse as CommonJS.
Reparsing as ES module because module syntax was detected. This incurs a performance overhead.
To eliminate this warning, add "type": "module" to /root/projects/trade/web/package.json.
(Use `node --trace-warnings ...` to show where the warning was created)
